<?xml version="1.0" encoding="UTF-8"?>
<coverage generated="1683788373662" clover="3.2.0">
  <project timestamp="1683788373663" name="All files">
    <metrics statements="204" coveredstatements="201" conditionals="57" coveredconditionals="54" methods="15" coveredmethods="15" elements="276" coveredelements="270" complexity="0" loc="204" ncloc="204" packages="3" files="8" classes="8"/>
    <package name="__fixtures__">
      <metrics statements="48" coveredstatements="48" conditionals="0" coveredconditionals="0" methods="0" coveredmethods="0"/>
      <file name="result.js" path="/mnt/c/Users/Я/Desktop/Проекты/Проект 'Вычислитель отличий'/frontend-project-46/__fixtures__/result.js">
        <metrics statements="48" coveredstatements="48" conditionals="0" coveredconditionals="0" methods="0" coveredmethods="0"/>
        <line num="1" count="1" type="stmt"/>
        <line num="2" count="1" type="stmt"/>
        <line num="3" count="1" type="stmt"/>
        <line num="4" count="1" type="stmt"/>
        <line num="5" count="1" type="stmt"/>
        <line num="6" count="1" type="stmt"/>
        <line num="7" count="1" type="stmt"/>
        <line num="8" count="1" type="stmt"/>
        <line num="9" count="1" type="stmt"/>
        <line num="10" count="1" type="stmt"/>
        <line num="11" count="1" type="stmt"/>
        <line num="12" count="1" type="stmt"/>
        <line num="13" count="1" type="stmt"/>
        <line num="14" count="1" type="stmt"/>
        <line num="15" count="1" type="stmt"/>
        <line num="16" count="1" type="stmt"/>
        <line num="17" count="1" type="stmt"/>
        <line num="18" count="1" type="stmt"/>
        <line num="19" count="1" type="stmt"/>
        <line num="20" count="1" type="stmt"/>
        <line num="21" count="1" type="stmt"/>
        <line num="22" count="1" type="stmt"/>
        <line num="23" count="1" type="stmt"/>
        <line num="24" count="1" type="stmt"/>
        <line num="25" count="1" type="stmt"/>
        <line num="26" count="1" type="stmt"/>
        <line num="27" count="1" type="stmt"/>
        <line num="28" count="1" type="stmt"/>
        <line num="29" count="1" type="stmt"/>
        <line num="30" count="1" type="stmt"/>
        <line num="31" count="1" type="stmt"/>
        <line num="32" count="1" type="stmt"/>
        <line num="33" count="1" type="stmt"/>
        <line num="34" count="1" type="stmt"/>
        <line num="35" count="1" type="stmt"/>
        <line num="36" count="1" type="stmt"/>
        <line num="37" count="1" type="stmt"/>
        <line num="38" count="1" type="stmt"/>
        <line num="39" count="1" type="stmt"/>
        <line num="40" count="1" type="stmt"/>
        <line num="41" count="1" type="stmt"/>
        <line num="42" count="1" type="stmt"/>
        <line num="43" count="1" type="stmt"/>
        <line num="44" count="1" type="stmt"/>
        <line num="45" count="1" type="stmt"/>
        <line num="46" count="1" type="stmt"/>
        <line num="47" count="1" type="stmt"/>
        <line num="48" count="1" type="stmt"/>
      </file>
    </package>
    <package name="src">
      <metrics statements="61" coveredstatements="60" conditionals="19" coveredconditionals="18" methods="6" coveredmethods="6"/>
      <file name="index.js" path="/mnt/c/Users/Я/Desktop/Проекты/Проект 'Вычислитель отличий'/frontend-project-46/src/index.js">
        <metrics statements="14" coveredstatements="14" conditionals="1" coveredconditionals="1" methods="1" coveredmethods="1"/>
        <line num="1" count="1" type="stmt"/>
        <line num="2" count="1" type="stmt"/>
        <line num="3" count="1" type="stmt"/>
        <line num="4" count="1" type="stmt"/>
        <line num="5" count="1" type="stmt"/>
        <line num="6" count="1" type="cond" truecount="1" falsecount="0"/>
        <line num="7" count="5" type="stmt"/>
        <line num="8" count="5" type="stmt"/>
        <line num="9" count="5" type="stmt"/>
        <line num="10" count="5" type="stmt"/>
        <line num="11" count="5" type="stmt"/>
        <line num="12" count="5" type="stmt"/>
        <line num="13" count="1" type="stmt"/>
        <line num="14" count="1" type="stmt"/>
      </file>
      <file name="makeAST.js" path="/mnt/c/Users/Я/Desktop/Проекты/Проект 'Вычислитель отличий'/frontend-project-46/src/makeAST.js">
        <metrics statements="30" coveredstatements="29" conditionals="13" coveredconditionals="12" methods="2" coveredmethods="2"/>
        <line num="1" count="1" type="stmt"/>
        <line num="2" count="1" type="stmt"/>
        <line num="3" count="1" type="cond" truecount="1" falsecount="0"/>
        <line num="4" count="25" type="stmt"/>
        <line num="5" count="25" type="stmt"/>
        <line num="6" count="25" type="stmt"/>
        <line num="7" count="25" type="cond" truecount="1" falsecount="0"/>
        <line num="8" count="90" type="cond" truecount="2" falsecount="0"/>
        <line num="9" count="20" type="stmt"/>
        <line num="10" count="20" type="cond" truecount="1" falsecount="0"/>
        <line num="11" count="90" type="cond" truecount="1" falsecount="0"/>
        <line num="12" count="25" type="stmt"/>
        <line num="13" count="25" type="cond" truecount="1" falsecount="0"/>
        <line num="14" count="90" type="cond" truecount="1" falsecount="0"/>
        <line num="15" count="15" type="stmt"/>
        <line num="16" count="15" type="cond" truecount="1" falsecount="0"/>
        <line num="17" count="90" type="cond" truecount="1" falsecount="0"/>
        <line num="18" count="10" type="stmt"/>
        <line num="19" count="10" type="cond" truecount="1" falsecount="0"/>
        <line num="20" count="20" type="stmt"/>
        <line num="21" count="20" type="stmt"/>
        <line num="22" count="20" type="cond" truecount="0" falsecount="1"/>
        <line num="23" count="0" type="stmt"/>
        <line num="24" count="25" type="stmt"/>
        <line num="25" count="25" type="stmt"/>
        <line num="26" count="25" type="stmt"/>
        <line num="27" count="1" type="stmt"/>
        <line num="28" count="1" type="cond" truecount="1" falsecount="0"/>
        <line num="29" count="1" type="stmt"/>
        <line num="30" count="1" type="stmt"/>
      </file>
      <file name="parsers.js" path="/mnt/c/Users/Я/Desktop/Проекты/Проект 'Вычислитель отличий'/frontend-project-46/src/parsers.js">
        <metrics statements="17" coveredstatements="17" conditionals="5" coveredconditionals="5" methods="3" coveredmethods="3"/>
        <line num="1" count="1" type="stmt"/>
        <line num="2" count="1" type="stmt"/>
        <line num="3" count="1" type="stmt"/>
        <line num="4" count="1" type="stmt"/>
        <line num="5" count="1" type="stmt"/>
        <line num="6" count="1" type="cond" truecount="1" falsecount="0"/>
        <line num="7" count="1" type="stmt"/>
        <line num="8" count="1" type="cond" truecount="1" falsecount="0"/>
        <line num="9" count="1" type="stmt"/>
        <line num="10" count="1" type="cond" truecount="1" falsecount="0"/>
        <line num="11" count="10" type="stmt"/>
        <line num="12" count="10" type="stmt"/>
        <line num="13" count="10" type="stmt"/>
        <line num="14" count="10" type="cond" truecount="2" falsecount="0"/>
        <line num="15" count="10" type="stmt"/>
        <line num="16" count="1" type="stmt"/>
        <line num="17" count="1" type="stmt"/>
      </file>
    </package>
    <package name="src.formatters">
      <metrics statements="95" coveredstatements="93" conditionals="38" coveredconditionals="36" methods="9" coveredmethods="9"/>
      <file name="index.js" path="/mnt/c/Users/Я/Desktop/Проекты/Проект 'Вычислитель отличий'/frontend-project-46/src/formatters/index.js">
        <metrics statements="16" coveredstatements="15" conditionals="5" coveredconditionals="4" methods="1" coveredmethods="1"/>
        <line num="1" count="1" type="stmt"/>
        <line num="2" count="1" type="stmt"/>
        <line num="3" count="1" type="stmt"/>
        <line num="4" count="1" type="stmt"/>
        <line num="5" count="1" type="cond" truecount="1" falsecount="0"/>
        <line num="6" count="5" type="stmt"/>
        <line num="7" count="5" type="cond" truecount="1" falsecount="0"/>
        <line num="8" count="3" type="stmt"/>
        <line num="9" count="5" type="cond" truecount="1" falsecount="0"/>
        <line num="10" count="1" type="stmt"/>
        <line num="11" count="5" type="cond" truecount="1" falsecount="0"/>
        <line num="12" count="1" type="stmt"/>
        <line num="13" count="5" type="cond" truecount="0" falsecount="1"/>
        <line num="14" count="0" type="stmt"/>
        <line num="15" count="5" type="stmt"/>
        <line num="16" count="5" type="stmt"/>
      </file>
      <file name="json.js" path="/mnt/c/Users/Я/Desktop/Проекты/Проект 'Вычислитель отличий'/frontend-project-46/src/formatters/json.js">
        <metrics statements="1" coveredstatements="1" conditionals="1" coveredconditionals="1" methods="1" coveredmethods="1"/>
        <line num="1" count="1" type="cond" truecount="1" falsecount="0"/>
      </file>
      <file name="plain.js" path="/mnt/c/Users/Я/Desktop/Проекты/Проект 'Вычислитель отличий'/frontend-project-46/src/formatters/plain.js">
        <metrics statements="35" coveredstatements="34" conditionals="18" coveredconditionals="17" methods="4" coveredmethods="4"/>
        <line num="1" count="1" type="stmt"/>
        <line num="2" count="1" type="stmt"/>
        <line num="3" count="1" type="cond" truecount="2" falsecount="0"/>
        <line num="4" count="1" type="stmt"/>
        <line num="5" count="1" type="cond" truecount="1" falsecount="0"/>
        <line num="6" count="13" type="cond" truecount="1" falsecount="0"/>
        <line num="7" count="3" type="stmt"/>
        <line num="8" count="3" type="cond" truecount="1" falsecount="0"/>
        <line num="9" count="13" type="cond" truecount="2" falsecount="0"/>
        <line num="10" count="13" type="stmt"/>
        <line num="11" count="1" type="stmt"/>
        <line num="12" count="1" type="cond" truecount="1" falsecount="0"/>
        <line num="13" count="1" type="cond" truecount="1" falsecount="0"/>
        <line num="14" count="19" type="stmt"/>
        <line num="15" count="19" type="stmt"/>
        <line num="16" count="19" type="cond" truecount="1" falsecount="0"/>
        <line num="17" count="1" type="cond" truecount="1" falsecount="0"/>
        <line num="18" count="19" type="cond" truecount="1" falsecount="0"/>
        <line num="19" count="4" type="cond" truecount="1" falsecount="0"/>
        <line num="20" count="19" type="cond" truecount="1" falsecount="0"/>
        <line num="21" count="2" type="stmt"/>
        <line num="22" count="19" type="cond" truecount="1" falsecount="0"/>
        <line num="23" count="5" type="stmt"/>
        <line num="24" count="19" type="cond" truecount="1" falsecount="0"/>
        <line num="25" count="4" type="stmt"/>
        <line num="26" count="19" type="cond" truecount="1" falsecount="0"/>
        <line num="27" count="3" type="stmt"/>
        <line num="28" count="19" type="cond" truecount="0" falsecount="1"/>
        <line num="29" count="0" type="stmt"/>
        <line num="30" count="19" type="stmt"/>
        <line num="31" count="1" type="stmt"/>
        <line num="32" count="1" type="stmt"/>
        <line num="33" count="1" type="stmt"/>
        <line num="34" count="1" type="stmt"/>
        <line num="35" count="1" type="stmt"/>
      </file>
      <file name="stylish.js" path="/mnt/c/Users/Я/Desktop/Проекты/Проект 'Вычислитель отличий'/frontend-project-46/src/formatters/stylish.js">
        <metrics statements="43" coveredstatements="43" conditionals="14" coveredconditionals="14" methods="3" coveredmethods="3"/>
        <line num="1" count="1" type="stmt"/>
        <line num="2" count="1" type="stmt"/>
        <line num="3" count="1" type="cond" truecount="1" falsecount="0"/>
        <line num="4" count="81" type="cond" truecount="1" falsecount="0"/>
        <line num="5" count="60" type="stmt"/>
        <line num="6" count="60" type="cond" truecount="1" falsecount="0"/>
        <line num="7" count="21" type="stmt"/>
        <line num="8" count="21" type="stmt"/>
        <line num="9" count="21" type="stmt"/>
        <line num="10" count="21" type="stmt"/>
        <line num="11" count="21" type="stmt"/>
        <line num="12" count="21" type="cond" truecount="1" falsecount="0"/>
        <line num="13" count="21" type="stmt"/>
        <line num="14" count="21" type="stmt"/>
        <line num="15" count="21" type="stmt"/>
        <line num="16" count="21" type="stmt"/>
        <line num="17" count="21" type="stmt"/>
        <line num="18" count="21" type="stmt"/>
        <line num="19" count="21" type="stmt"/>
        <line num="20" count="1" type="stmt"/>
        <line num="21" count="1" type="cond" truecount="1" falsecount="0"/>
        <line num="22" count="3" type="cond" truecount="1" falsecount="0"/>
        <line num="23" count="57" type="stmt"/>
        <line num="24" count="57" type="stmt"/>
        <line num="25" count="57" type="stmt"/>
        <line num="26" count="57" type="cond" truecount="1" falsecount="0"/>
        <line num="27" count="3" type="cond" truecount="1" falsecount="0"/>
        <line num="28" count="57" type="cond" truecount="1" falsecount="0"/>
        <line num="29" count="12" type="cond" truecount="1" falsecount="0"/>
        <line num="30" count="57" type="cond" truecount="1" falsecount="0"/>
        <line num="31" count="12" type="stmt"/>
        <line num="32" count="57" type="cond" truecount="1" falsecount="0"/>
        <line num="33" count="9" type="stmt"/>
        <line num="34" count="57" type="cond" truecount="1" falsecount="0"/>
        <line num="35" count="15" type="stmt"/>
        <line num="36" count="57" type="cond" truecount="1" falsecount="0"/>
        <line num="37" count="6" type="stmt"/>
        <line num="38" count="57" type="stmt"/>
        <line num="39" count="3" type="stmt"/>
        <line num="40" count="3" type="stmt"/>
        <line num="41" count="3" type="stmt"/>
        <line num="42" count="1" type="stmt"/>
        <line num="43" count="1" type="stmt"/>
      </file>
    </package>
  </project>
</coverage>
