{"/mnt/c/Users/Я/Desktop/Проекты/Проект 'Вычислитель отличий'/frontend-project-46/__fixtures__/result.js": {"path":"/mnt/c/Users/Я/Desktop/Проекты/Проект 'Вычислитель отличий'/frontend-project-46/__fixtures__/result.js","statementMap":{"0":{"start":{"line":1,"column":15},"end":{"line":8,"column":2}}},"fnMap":{},"branchMap":{},"s":{"0":1},"f":{},"b":{},"_coverageSchema":"1a1c01bbd47fc00a2c39e90264f33305004495a9","hash":"9b2f74ebe5066a5aa34469f4e03609ef4367ccb7"}
,"/mnt/c/Users/Я/Desktop/Проекты/Проект 'Вычислитель отличий'/frontend-project-46/src/index.js": {"path":"/mnt/c/Users/Я/Desktop/Проекты/Проект 'Вычислитель отличий'/frontend-project-46/src/index.js","statementMap":{"0":{"start":{"line":6,"column":16},"end":{"line":12,"column":1}},"1":{"start":{"line":8,"column":21},"end":{"line":8,"column":105}},"2":{"start":{"line":8,"column":29},"end":{"line":8,"column":104}},"3":{"start":{"line":10,"column":15},"end":{"line":10,"column":57}},"4":{"start":{"line":11,"column":2},"end":{"line":11,"column":14}},"5":{"start":{"line":16,"column":16},"end":{"line":16,"column":46}},"6":{"start":{"line":17,"column":16},"end":{"line":17,"column":46}},"7":{"start":{"line":19,"column":16},"end":{"line":19,"column":34}},"8":{"start":{"line":20,"column":16},"end":{"line":20,"column":34}},"9":{"start":{"line":21,"column":21},"end":{"line":21,"column":49}},"10":{"start":{"line":23,"column":15},"end":{"line":23,"column":20}},"11":{"start":{"line":24,"column":2},"end":{"line":36,"column":5}},"12":{"start":{"line":25,"column":4},"end":{"line":34,"column":5}},"13":{"start":{"line":26,"column":6},"end":{"line":26,"column":47}},"14":{"start":{"line":27,"column":11},"end":{"line":34,"column":5}},"15":{"start":{"line":28,"column":6},"end":{"line":28,"column":47}},"16":{"start":{"line":29,"column":11},"end":{"line":34,"column":5}},"17":{"start":{"line":30,"column":6},"end":{"line":30,"column":47}},"18":{"start":{"line":31,"column":11},"end":{"line":34,"column":5}},"19":{"start":{"line":32,"column":6},"end":{"line":32,"column":47}},"20":{"start":{"line":33,"column":6},"end":{"line":33,"column":47}},"21":{"start":{"line":35,"column":4},"end":{"line":35,"column":18}},"22":{"start":{"line":37,"column":4},"end":{"line":37,"column":21}},"23":{"start":{"line":38,"column":4},"end":{"line":38,"column":31}},"24":{"start":{"line":39,"column":4},"end":{"line":39,"column":18}}},"fnMap":{"0":{"name":"(anonymous_0)","decl":{"start":{"line":6,"column":16},"end":{"line":6,"column":17}},"loc":{"start":{"line":6,"column":26},"end":{"line":12,"column":1}},"line":6},"1":{"name":"(anonymous_1)","decl":{"start":{"line":8,"column":21},"end":{"line":8,"column":22}},"loc":{"start":{"line":8,"column":29},"end":{"line":8,"column":104}},"line":8},"2":{"name":"(anonymous_2)","decl":{"start":{"line":15,"column":15},"end":{"line":15,"column":16}},"loc":{"start":{"line":15,"column":41},"end":{"line":40,"column":1}},"line":15},"3":{"name":"(anonymous_3)","decl":{"start":{"line":24,"column":17},"end":{"line":24,"column":18}},"loc":{"start":{"line":24,"column":26},"end":{"line":36,"column":3}},"line":24}},"branchMap":{"0":{"loc":{"start":{"line":8,"column":29},"end":{"line":8,"column":104}},"type":"cond-expr","locations":[{"start":{"line":8,"column":50},"end":{"line":8,"column":51}},{"start":{"line":8,"column":54},"end":{"line":8,"column":104}}],"line":8},"1":{"loc":{"start":{"line":25,"column":4},"end":{"line":34,"column":5}},"type":"if","locations":[{"start":{"line":25,"column":4},"end":{"line":34,"column":5}},{"start":{"line":27,"column":11},"end":{"line":34,"column":5}}],"line":25},"2":{"loc":{"start":{"line":27,"column":11},"end":{"line":34,"column":5}},"type":"if","locations":[{"start":{"line":27,"column":11},"end":{"line":34,"column":5}},{"start":{"line":29,"column":11},"end":{"line":34,"column":5}}],"line":27},"3":{"loc":{"start":{"line":29,"column":11},"end":{"line":34,"column":5}},"type":"if","locations":[{"start":{"line":29,"column":11},"end":{"line":34,"column":5}},{"start":{"line":31,"column":11},"end":{"line":34,"column":5}}],"line":29},"4":{"loc":{"start":{"line":31,"column":11},"end":{"line":34,"column":5}},"type":"if","locations":[{"start":{"line":31,"column":11},"end":{"line":34,"column":5}},{"start":{},"end":{}}],"line":31}},"s":{"0":1,"1":4,"2":4,"3":4,"4":4,"5":2,"6":2,"7":2,"8":2,"9":2,"10":2,"11":2,"12":10,"13":4,"14":6,"15":2,"16":4,"17":2,"18":2,"19":2,"20":2,"21":10,"22":2,"23":2,"24":2},"f":{"0":4,"1":4,"2":2,"3":10},"b":{"0":[0,4],"1":[4,6],"2":[2,4],"3":[2,2],"4":[2,0]},"_coverageSchema":"1a1c01bbd47fc00a2c39e90264f33305004495a9","hash":"60659b8693e3feef9bdeb89e94d9e4dd5733df43"}
}
