{"/mnt/c/Users/Я/Desktop/Проекты/Проект 'Вычислитель отличий'/frontend-project-46/__fixtures__/result.js": {"path":"/mnt/c/Users/Я/Desktop/Проекты/Проект 'Вычислитель отличий'/frontend-project-46/__fixtures__/result.js","all":false,"statementMap":{"0":{"start":{"line":1,"column":0},"end":{"line":1,"column":46}},"1":{"start":{"line":2,"column":0},"end":{"line":2,"column":14}},"2":{"start":{"line":3,"column":0},"end":{"line":3,"column":2}},"3":{"start":{"line":4,"column":0},"end":{"line":4,"column":13}},"4":{"start":{"line":5,"column":0},"end":{"line":5,"column":21}},"5":{"start":{"line":6,"column":0},"end":{"line":6,"column":25}},"6":{"start":{"line":7,"column":0},"end":{"line":7,"column":21}},"7":{"start":{"line":8,"column":0},"end":{"line":8,"column":22}},"8":{"start":{"line":9,"column":0},"end":{"line":9,"column":22}},"9":{"start":{"line":10,"column":0},"end":{"line":10,"column":27}},"10":{"start":{"line":11,"column":0},"end":{"line":11,"column":19}},"11":{"start":{"line":12,"column":0},"end":{"line":12,"column":24}},"12":{"start":{"line":13,"column":0},"end":{"line":13,"column":9}},"13":{"start":{"line":14,"column":0},"end":{"line":14,"column":19}},"14":{"start":{"line":15,"column":0},"end":{"line":15,"column":19}},"15":{"start":{"line":16,"column":0},"end":{"line":16,"column":21}},"16":{"start":{"line":17,"column":0},"end":{"line":17,"column":28}},"17":{"start":{"line":18,"column":0},"end":{"line":18,"column":13}},"18":{"start":{"line":19,"column":0},"end":{"line":19,"column":22}},"19":{"start":{"line":20,"column":0},"end":{"line":20,"column":21}},"20":{"start":{"line":21,"column":0},"end":{"line":21,"column":9}},"21":{"start":{"line":22,"column":0},"end":{"line":22,"column":5}},"22":{"start":{"line":23,"column":0},"end":{"line":23,"column":13}},"23":{"start":{"line":24,"column":0},"end":{"line":24,"column":16}},"24":{"start":{"line":25,"column":0},"end":{"line":25,"column":17}},"25":{"start":{"line":26,"column":0},"end":{"line":26,"column":16}},"26":{"start":{"line":27,"column":0},"end":{"line":27,"column":15}},"27":{"start":{"line":28,"column":0},"end":{"line":28,"column":22}},"28":{"start":{"line":29,"column":0},"end":{"line":29,"column":9}},"29":{"start":{"line":30,"column":0},"end":{"line":30,"column":17}},"30":{"start":{"line":31,"column":0},"end":{"line":31,"column":5}},"31":{"start":{"line":32,"column":0},"end":{"line":32,"column":13}},"32":{"start":{"line":33,"column":0},"end":{"line":33,"column":18}},"33":{"start":{"line":34,"column":0},"end":{"line":34,"column":15}},"34":{"start":{"line":35,"column":0},"end":{"line":35,"column":18}},"35":{"start":{"line":36,"column":0},"end":{"line":36,"column":9}},"36":{"start":{"line":37,"column":0},"end":{"line":37,"column":5}},"37":{"start":{"line":38,"column":0},"end":{"line":38,"column":13}},"38":{"start":{"line":39,"column":0},"end":{"line":39,"column":15}},"39":{"start":{"line":40,"column":0},"end":{"line":40,"column":17}},"40":{"start":{"line":41,"column":0},"end":{"line":41,"column":26}},"41":{"start":{"line":42,"column":0},"end":{"line":42,"column":13}},"42":{"start":{"line":43,"column":0},"end":{"line":43,"column":9}},"43":{"start":{"line":44,"column":0},"end":{"line":44,"column":19}},"44":{"start":{"line":45,"column":0},"end":{"line":45,"column":5}},"45":{"start":{"line":46,"column":0},"end":{"line":46,"column":3}},"46":{"start":{"line":47,"column":0},"end":{"line":47,"column":0}},"47":{"start":{"line":48,"column":0},"end":{"line":48,"column":22}}},"s":{"0":1,"1":1,"2":1,"3":1,"4":1,"5":1,"6":1,"7":1,"8":1,"9":1,"10":1,"11":1,"12":1,"13":1,"14":1,"15":1,"16":1,"17":1,"18":1,"19":1,"20":1,"21":1,"22":1,"23":1,"24":1,"25":1,"26":1,"27":1,"28":1,"29":1,"30":1,"31":1,"32":1,"33":1,"34":1,"35":1,"36":1,"37":1,"38":1,"39":1,"40":1,"41":1,"42":1,"43":1,"44":1,"45":1,"46":1,"47":1},"branchMap":{},"b":{},"fnMap":{},"f":{}}
,"/mnt/c/Users/Я/Desktop/Проекты/Проект 'Вычислитель отличий'/frontend-project-46/src/index.js": {"path":"/mnt/c/Users/Я/Desktop/Проекты/Проект 'Вычислитель отличий'/frontend-project-46/src/index.js","all":false,"statementMap":{"0":{"start":{"line":1,"column":0},"end":{"line":1,"column":35}},"1":{"start":{"line":2,"column":0},"end":{"line":2,"column":34}},"2":{"start":{"line":3,"column":0},"end":{"line":3,"column":46}},"3":{"start":{"line":4,"column":0},"end":{"line":4,"column":0}},"4":{"start":{"line":5,"column":0},"end":{"line":5,"column":92}},"5":{"start":{"line":6,"column":0},"end":{"line":6,"column":51}},"6":{"start":{"line":7,"column":0},"end":{"line":7,"column":34}},"7":{"start":{"line":8,"column":0},"end":{"line":8,"column":34}},"8":{"start":{"line":9,"column":0},"end":{"line":9,"column":0}},"9":{"start":{"line":10,"column":0},"end":{"line":10,"column":36}},"10":{"start":{"line":11,"column":0},"end":{"line":11,"column":32}},"11":{"start":{"line":12,"column":0},"end":{"line":12,"column":2}},"12":{"start":{"line":13,"column":0},"end":{"line":13,"column":0}},"13":{"start":{"line":14,"column":0},"end":{"line":14,"column":23}}},"s":{"0":1,"1":1,"2":1,"3":1,"4":1,"5":1,"6":5,"7":5,"8":5,"9":5,"10":5,"11":5,"12":1,"13":1},"branchMap":{"0":{"type":"branch","line":6,"loc":{"start":{"line":6,"column":16},"end":{"line":12,"column":2}},"locations":[{"start":{"line":6,"column":16},"end":{"line":12,"column":2}}]}},"b":{"0":[5]},"fnMap":{"0":{"name":"genDIff","decl":{"start":{"line":6,"column":16},"end":{"line":12,"column":2}},"loc":{"start":{"line":6,"column":16},"end":{"line":12,"column":2}},"line":6}},"f":{"0":5}}
,"/mnt/c/Users/Я/Desktop/Проекты/Проект 'Вычислитель отличий'/frontend-project-46/src/makeAST.js": {"path":"/mnt/c/Users/Я/Desktop/Проекты/Проект 'Вычислитель отличий'/frontend-project-46/src/makeAST.js","all":false,"statementMap":{"0":{"start":{"line":1,"column":0},"end":{"line":1,"column":23}},"1":{"start":{"line":2,"column":0},"end":{"line":2,"column":0}},"2":{"start":{"line":3,"column":0},"end":{"line":3,"column":40}},"3":{"start":{"line":4,"column":0},"end":{"line":4,"column":39}},"4":{"start":{"line":5,"column":0},"end":{"line":5,"column":39}},"5":{"start":{"line":6,"column":0},"end":{"line":6,"column":54}},"6":{"start":{"line":7,"column":0},"end":{"line":7,"column":44}},"7":{"start":{"line":8,"column":0},"end":{"line":8,"column":71}},"8":{"start":{"line":9,"column":0},"end":{"line":9,"column":89}},"9":{"start":{"line":10,"column":0},"end":{"line":10,"column":7}},"10":{"start":{"line":11,"column":0},"end":{"line":11,"column":39}},"11":{"start":{"line":12,"column":0},"end":{"line":12,"column":61}},"12":{"start":{"line":13,"column":0},"end":{"line":13,"column":7}},"13":{"start":{"line":14,"column":0},"end":{"line":14,"column":38}},"14":{"start":{"line":15,"column":0},"end":{"line":15,"column":65}},"15":{"start":{"line":16,"column":0},"end":{"line":16,"column":7}},"16":{"start":{"line":17,"column":0},"end":{"line":17,"column":39}},"17":{"start":{"line":18,"column":0},"end":{"line":18,"column":63}},"18":{"start":{"line":19,"column":0},"end":{"line":19,"column":7}},"19":{"start":{"line":20,"column":0},"end":{"line":20,"column":38}},"20":{"start":{"line":21,"column":0},"end":{"line":21,"column":77}},"21":{"start":{"line":22,"column":0},"end":{"line":22,"column":7}},"22":{"start":{"line":23,"column":0},"end":{"line":23,"column":18}},"23":{"start":{"line":24,"column":0},"end":{"line":24,"column":7}},"24":{"start":{"line":25,"column":0},"end":{"line":25,"column":20}},"25":{"start":{"line":26,"column":0},"end":{"line":26,"column":2}},"26":{"start":{"line":27,"column":0},"end":{"line":27,"column":0}},"27":{"start":{"line":28,"column":0},"end":{"line":28,"column":93}},"28":{"start":{"line":29,"column":0},"end":{"line":29,"column":0}},"29":{"start":{"line":30,"column":0},"end":{"line":30,"column":23}}},"s":{"0":1,"1":1,"2":1,"3":25,"4":25,"5":25,"6":25,"7":90,"8":20,"9":20,"10":90,"11":25,"12":25,"13":90,"14":15,"15":15,"16":90,"17":10,"18":10,"19":20,"20":20,"21":20,"22":0,"23":25,"24":25,"25":25,"26":1,"27":1,"28":1,"29":1},"branchMap":{"0":{"type":"branch","line":3,"loc":{"start":{"line":3,"column":21},"end":{"line":26,"column":2}},"locations":[{"start":{"line":3,"column":21},"end":{"line":26,"column":2}}]},"1":{"type":"branch","line":7,"loc":{"start":{"line":7,"column":35},"end":{"line":24,"column":5}},"locations":[{"start":{"line":7,"column":35},"end":{"line":24,"column":5}}]},"2":{"type":"branch","line":8,"loc":{"start":{"line":8,"column":37},"end":{"line":8,"column":68}},"locations":[{"start":{"line":8,"column":37},"end":{"line":8,"column":68}}]},"3":{"type":"branch","line":8,"loc":{"start":{"line":8,"column":70},"end":{"line":10,"column":7}},"locations":[{"start":{"line":8,"column":70},"end":{"line":10,"column":7}}]},"4":{"type":"branch","line":10,"loc":{"start":{"line":10,"column":6},"end":{"line":11,"column":38}},"locations":[{"start":{"line":10,"column":6},"end":{"line":11,"column":38}}]},"5":{"type":"branch","line":11,"loc":{"start":{"line":11,"column":38},"end":{"line":13,"column":7}},"locations":[{"start":{"line":11,"column":38},"end":{"line":13,"column":7}}]},"6":{"type":"branch","line":13,"loc":{"start":{"line":13,"column":6},"end":{"line":14,"column":37}},"locations":[{"start":{"line":13,"column":6},"end":{"line":14,"column":37}}]},"7":{"type":"branch","line":14,"loc":{"start":{"line":14,"column":37},"end":{"line":16,"column":7}},"locations":[{"start":{"line":14,"column":37},"end":{"line":16,"column":7}}]},"8":{"type":"branch","line":16,"loc":{"start":{"line":16,"column":6},"end":{"line":17,"column":38}},"locations":[{"start":{"line":16,"column":6},"end":{"line":17,"column":38}}]},"9":{"type":"branch","line":17,"loc":{"start":{"line":17,"column":38},"end":{"line":19,"column":7}},"locations":[{"start":{"line":17,"column":38},"end":{"line":19,"column":7}}]},"10":{"type":"branch","line":19,"loc":{"start":{"line":19,"column":6},"end":{"line":22,"column":7}},"locations":[{"start":{"line":19,"column":6},"end":{"line":22,"column":7}}]},"11":{"type":"branch","line":22,"loc":{"start":{"line":22,"column":6},"end":{"line":24,"column":5}},"locations":[{"start":{"line":22,"column":6},"end":{"line":24,"column":5}}]},"12":{"type":"branch","line":28,"loc":{"start":{"line":28,"column":16},"end":{"line":28,"column":92}},"locations":[{"start":{"line":28,"column":16},"end":{"line":28,"column":92}}]}},"b":{"0":[25],"1":[90],"2":[30],"3":[20],"4":[70],"5":[25],"6":[45],"7":[15],"8":[30],"9":[10],"10":[20],"11":[0],"12":[5]},"fnMap":{"0":{"name":"makeChildren","decl":{"start":{"line":3,"column":21},"end":{"line":26,"column":2}},"loc":{"start":{"line":3,"column":21},"end":{"line":26,"column":2}},"line":3},"1":{"name":"makeAST","decl":{"start":{"line":28,"column":16},"end":{"line":28,"column":92}},"loc":{"start":{"line":28,"column":16},"end":{"line":28,"column":92}},"line":28}},"f":{"0":25,"1":5}}
,"/mnt/c/Users/Я/Desktop/Проекты/Проект 'Вычислитель отличий'/frontend-project-46/src/parsers.js": {"path":"/mnt/c/Users/Я/Desktop/Проекты/Проект 'Вычислитель отличий'/frontend-project-46/src/parsers.js","all":false,"statementMap":{"0":{"start":{"line":1,"column":0},"end":{"line":1,"column":20}},"1":{"start":{"line":2,"column":0},"end":{"line":2,"column":24}},"2":{"start":{"line":3,"column":0},"end":{"line":3,"column":61}},"3":{"start":{"line":4,"column":0},"end":{"line":4,"column":27}},"4":{"start":{"line":5,"column":0},"end":{"line":5,"column":0}},"5":{"start":{"line":6,"column":0},"end":{"line":6,"column":58}},"6":{"start":{"line":7,"column":0},"end":{"line":7,"column":0}},"7":{"start":{"line":8,"column":0},"end":{"line":8,"column":54}},"8":{"start":{"line":9,"column":0},"end":{"line":9,"column":0}},"9":{"start":{"line":10,"column":0},"end":{"line":10,"column":26}},"10":{"start":{"line":11,"column":0},"end":{"line":11,"column":31}},"11":{"start":{"line":12,"column":0},"end":{"line":12,"column":41}},"12":{"start":{"line":13,"column":0},"end":{"line":13,"column":80}},"13":{"start":{"line":14,"column":0},"end":{"line":14,"column":140}},"14":{"start":{"line":15,"column":0},"end":{"line":15,"column":2}},"15":{"start":{"line":16,"column":0},"end":{"line":16,"column":0}},"16":{"start":{"line":17,"column":0},"end":{"line":17,"column":22}}},"s":{"0":1,"1":1,"2":1,"3":1,"4":1,"5":1,"6":1,"7":1,"8":1,"9":1,"10":10,"11":10,"12":10,"13":10,"14":10,"15":1,"16":1},"branchMap":{"0":{"type":"branch","line":6,"loc":{"start":{"line":6,"column":22},"end":{"line":6,"column":57}},"locations":[{"start":{"line":6,"column":22},"end":{"line":6,"column":57}}]},"1":{"type":"branch","line":8,"loc":{"start":{"line":8,"column":17},"end":{"line":8,"column":53}},"locations":[{"start":{"line":8,"column":17},"end":{"line":8,"column":53}}]},"2":{"type":"branch","line":10,"loc":{"start":{"line":10,"column":16},"end":{"line":15,"column":2}},"locations":[{"start":{"line":10,"column":16},"end":{"line":15,"column":2}}]},"3":{"type":"branch","line":14,"loc":{"start":{"line":14,"column":32},"end":{"line":14,"column":85}},"locations":[{"start":{"line":14,"column":32},"end":{"line":14,"column":85}}]},"4":{"type":"branch","line":14,"loc":{"start":{"line":14,"column":85},"end":{"line":14,"column":139}},"locations":[{"start":{"line":14,"column":85},"end":{"line":14,"column":139}}]}},"b":{"0":[10],"1":[10],"2":[10],"3":[4],"4":[6]},"fnMap":{"0":{"name":"getExtension","decl":{"start":{"line":6,"column":22},"end":{"line":6,"column":57}},"loc":{"start":{"line":6,"column":22},"end":{"line":6,"column":57}},"line":6},"1":{"name":"getName","decl":{"start":{"line":8,"column":17},"end":{"line":8,"column":53}},"loc":{"start":{"line":8,"column":17},"end":{"line":8,"column":53}},"line":8},"2":{"name":"parser","decl":{"start":{"line":10,"column":16},"end":{"line":15,"column":2}},"loc":{"start":{"line":10,"column":16},"end":{"line":15,"column":2}},"line":10}},"f":{"0":10,"1":10,"2":10}}
,"/mnt/c/Users/Я/Desktop/Проекты/Проект 'Вычислитель отличий'/frontend-project-46/src/formatters/index.js": {"path":"/mnt/c/Users/Я/Desktop/Проекты/Проект 'Вычислитель отличий'/frontend-project-46/src/formatters/index.js","all":false,"statementMap":{"0":{"start":{"line":1,"column":0},"end":{"line":1,"column":39}},"1":{"start":{"line":2,"column":0},"end":{"line":2,"column":35}},"2":{"start":{"line":3,"column":0},"end":{"line":3,"column":33}},"3":{"start":{"line":4,"column":0},"end":{"line":4,"column":0}},"4":{"start":{"line":5,"column":0},"end":{"line":5,"column":34}},"5":{"start":{"line":6,"column":0},"end":{"line":6,"column":21}},"6":{"start":{"line":7,"column":0},"end":{"line":7,"column":23}},"7":{"start":{"line":8,"column":0},"end":{"line":8,"column":37}},"8":{"start":{"line":9,"column":0},"end":{"line":9,"column":21}},"9":{"start":{"line":10,"column":0},"end":{"line":10,"column":35}},"10":{"start":{"line":11,"column":0},"end":{"line":11,"column":20}},"11":{"start":{"line":12,"column":0},"end":{"line":12,"column":34}},"12":{"start":{"line":13,"column":0},"end":{"line":13,"column":16}},"13":{"start":{"line":14,"column":0},"end":{"line":14,"column":57}},"14":{"start":{"line":15,"column":0},"end":{"line":15,"column":5}},"15":{"start":{"line":16,"column":0},"end":{"line":16,"column":2}}},"s":{"0":1,"1":1,"2":1,"3":1,"4":1,"5":5,"6":5,"7":3,"8":5,"9":1,"10":5,"11":1,"12":5,"13":0,"14":5,"15":5},"branchMap":{"0":{"type":"branch","line":5,"loc":{"start":{"line":5,"column":15},"end":{"line":16,"column":2}},"locations":[{"start":{"line":5,"column":15},"end":{"line":16,"column":2}}]},"1":{"type":"branch","line":7,"loc":{"start":{"line":7,"column":8},"end":{"line":8,"column":37}},"locations":[{"start":{"line":7,"column":8},"end":{"line":8,"column":37}}]},"2":{"type":"branch","line":9,"loc":{"start":{"line":9,"column":8},"end":{"line":10,"column":35}},"locations":[{"start":{"line":9,"column":8},"end":{"line":10,"column":35}}]},"3":{"type":"branch","line":11,"loc":{"start":{"line":11,"column":8},"end":{"line":12,"column":34}},"locations":[{"start":{"line":11,"column":8},"end":{"line":12,"column":34}}]},"4":{"type":"branch","line":13,"loc":{"start":{"line":13,"column":8},"end":{"line":14,"column":57}},"locations":[{"start":{"line":13,"column":8},"end":{"line":14,"column":57}}]}},"b":{"0":[5],"1":[3],"2":[1],"3":[1],"4":[0]},"fnMap":{"0":{"name":"default","decl":{"start":{"line":5,"column":15},"end":{"line":16,"column":2}},"loc":{"start":{"line":5,"column":15},"end":{"line":16,"column":2}},"line":5}},"f":{"0":5}}
,"/mnt/c/Users/Я/Desktop/Проекты/Проект 'Вычислитель отличий'/frontend-project-46/src/formatters/json.js": {"path":"/mnt/c/Users/Я/Desktop/Проекты/Проект 'Вычислитель отличий'/frontend-project-46/src/formatters/json.js","all":false,"statementMap":{"0":{"start":{"line":1,"column":0},"end":{"line":1,"column":46}}},"s":{"0":1},"branchMap":{"0":{"type":"branch","line":1,"loc":{"start":{"line":1,"column":16},"end":{"line":1,"column":45}},"locations":[{"start":{"line":1,"column":16},"end":{"line":1,"column":45}}]}},"b":{"0":[1]},"fnMap":{"0":{"name":"default","decl":{"start":{"line":1,"column":16},"end":{"line":1,"column":45}},"loc":{"start":{"line":1,"column":16},"end":{"line":1,"column":45}},"line":1}},"f":{"0":1}}
,"/mnt/c/Users/Я/Desktop/Проекты/Проект 'Вычислитель отличий'/frontend-project-46/src/formatters/plain.js": {"path":"/mnt/c/Users/Я/Desktop/Проекты/Проект 'Вычислитель отличий'/frontend-project-46/src/formatters/plain.js","all":false,"statementMap":{"0":{"start":{"line":1,"column":0},"end":{"line":1,"column":23}},"1":{"start":{"line":2,"column":0},"end":{"line":2,"column":0}},"2":{"start":{"line":3,"column":0},"end":{"line":3,"column":68}},"3":{"start":{"line":4,"column":0},"end":{"line":4,"column":0}},"4":{"start":{"line":5,"column":0},"end":{"line":5,"column":30}},"5":{"start":{"line":6,"column":0},"end":{"line":6,"column":33}},"6":{"start":{"line":7,"column":0},"end":{"line":7,"column":31}},"7":{"start":{"line":8,"column":0},"end":{"line":8,"column":5}},"8":{"start":{"line":9,"column":0},"end":{"line":9,"column":60}},"9":{"start":{"line":10,"column":0},"end":{"line":10,"column":2}},"10":{"start":{"line":11,"column":0},"end":{"line":11,"column":0}},"11":{"start":{"line":12,"column":0},"end":{"line":12,"column":29}},"12":{"start":{"line":13,"column":0},"end":{"line":13,"column":37}},"13":{"start":{"line":14,"column":0},"end":{"line":14,"column":76}},"14":{"start":{"line":15,"column":0},"end":{"line":15,"column":28}},"15":{"start":{"line":16,"column":0},"end":{"line":16,"column":20}},"16":{"start":{"line":17,"column":0},"end":{"line":17,"column":63}},"17":{"start":{"line":18,"column":0},"end":{"line":18,"column":22}},"18":{"start":{"line":19,"column":0},"end":{"line":19,"column":72}},"19":{"start":{"line":20,"column":0},"end":{"line":20,"column":23}},"20":{"start":{"line":21,"column":0},"end":{"line":21,"column":57}},"21":{"start":{"line":22,"column":0},"end":{"line":22,"column":21}},"22":{"start":{"line":23,"column":0},"end":{"line":23,"column":92}},"23":{"start":{"line":24,"column":0},"end":{"line":24,"column":23}},"24":{"start":{"line":25,"column":0},"end":{"line":25,"column":122}},"25":{"start":{"line":26,"column":0},"end":{"line":26,"column":25}},"26":{"start":{"line":27,"column":0},"end":{"line":27,"column":20}},"27":{"start":{"line":28,"column":0},"end":{"line":28,"column":16}},"28":{"start":{"line":29,"column":0},"end":{"line":29,"column":64}},"29":{"start":{"line":30,"column":0},"end":{"line":30,"column":7}},"30":{"start":{"line":31,"column":0},"end":{"line":31,"column":6}},"31":{"start":{"line":32,"column":0},"end":{"line":32,"column":64}},"32":{"start":{"line":33,"column":0},"end":{"line":33,"column":2}},"33":{"start":{"line":34,"column":0},"end":{"line":34,"column":0}},"34":{"start":{"line":35,"column":0},"end":{"line":35,"column":25}}},"s":{"0":1,"1":1,"2":1,"3":1,"4":1,"5":13,"6":3,"7":3,"8":13,"9":13,"10":1,"11":1,"12":1,"13":19,"14":19,"15":19,"16":1,"17":19,"18":4,"19":19,"20":2,"21":19,"22":5,"23":19,"24":4,"25":19,"26":3,"27":19,"28":0,"29":19,"30":1,"31":1,"32":1,"33":1,"34":1},"branchMap":{"0":{"type":"branch","line":3,"loc":{"start":{"line":3,"column":24},"end":{"line":3,"column":67}},"locations":[{"start":{"line":3,"column":24},"end":{"line":3,"column":67}}]},"1":{"type":"branch","line":3,"loc":{"start":{"line":3,"column":50},"end":{"line":3,"column":66}},"locations":[{"start":{"line":3,"column":50},"end":{"line":3,"column":66}}]},"2":{"type":"branch","line":5,"loc":{"start":{"line":5,"column":19},"end":{"line":10,"column":2}},"locations":[{"start":{"line":5,"column":19},"end":{"line":10,"column":2}}]},"3":{"type":"branch","line":6,"loc":{"start":{"line":6,"column":32},"end":{"line":8,"column":5}},"locations":[{"start":{"line":6,"column":32},"end":{"line":8,"column":5}}]},"4":{"type":"branch","line":8,"loc":{"start":{"line":8,"column":4},"end":{"line":9,"column":40}},"locations":[{"start":{"line":8,"column":4},"end":{"line":9,"column":40}}]},"5":{"type":"branch","line":9,"loc":{"start":{"line":9,"column":36},"end":{"line":9,"column":51}},"locations":[{"start":{"line":9,"column":36},"end":{"line":9,"column":51}}]},"6":{"type":"branch","line":9,"loc":{"start":{"line":9,"column":51},"end":{"line":9,"column":59}},"locations":[{"start":{"line":9,"column":51},"end":{"line":9,"column":59}}]},"7":{"type":"branch","line":12,"loc":{"start":{"line":12,"column":19},"end":{"line":33,"column":2}},"locations":[{"start":{"line":12,"column":19},"end":{"line":33,"column":2}}]},"8":{"type":"branch","line":13,"loc":{"start":{"line":13,"column":15},"end":{"line":31,"column":5}},"locations":[{"start":{"line":13,"column":15},"end":{"line":31,"column":5}}]},"9":{"type":"branch","line":16,"loc":{"start":{"line":16,"column":8},"end":{"line":17,"column":63}},"locations":[{"start":{"line":16,"column":8},"end":{"line":17,"column":63}}]},"10":{"type":"branch","line":18,"loc":{"start":{"line":18,"column":8},"end":{"line":19,"column":72}},"locations":[{"start":{"line":18,"column":8},"end":{"line":19,"column":72}}]},"11":{"type":"branch","line":20,"loc":{"start":{"line":20,"column":8},"end":{"line":21,"column":57}},"locations":[{"start":{"line":20,"column":8},"end":{"line":21,"column":57}}]},"12":{"type":"branch","line":22,"loc":{"start":{"line":22,"column":8},"end":{"line":23,"column":92}},"locations":[{"start":{"line":22,"column":8},"end":{"line":23,"column":92}}]},"13":{"type":"branch","line":24,"loc":{"start":{"line":24,"column":8},"end":{"line":25,"column":122}},"locations":[{"start":{"line":24,"column":8},"end":{"line":25,"column":122}}]},"14":{"type":"branch","line":26,"loc":{"start":{"line":26,"column":8},"end":{"line":27,"column":20}},"locations":[{"start":{"line":26,"column":8},"end":{"line":27,"column":20}}]},"15":{"type":"branch","line":28,"loc":{"start":{"line":28,"column":8},"end":{"line":29,"column":64}},"locations":[{"start":{"line":28,"column":8},"end":{"line":29,"column":64}}]},"16":{"type":"branch","line":17,"loc":{"start":{"line":17,"column":36},"end":{"line":17,"column":61}},"locations":[{"start":{"line":17,"column":36},"end":{"line":17,"column":61}}]},"17":{"type":"branch","line":19,"loc":{"start":{"line":19,"column":36},"end":{"line":19,"column":70}},"locations":[{"start":{"line":19,"column":36},"end":{"line":19,"column":70}}]}},"b":{"0":[1],"1":[14],"2":[13],"3":[3],"4":[10],"5":[7],"6":[3],"7":[1],"8":[19],"9":[1],"10":[4],"11":[2],"12":[5],"13":[4],"14":[3],"15":[0],"16":[4],"17":[14]},"fnMap":{"0":{"name":"formaredResult","decl":{"start":{"line":3,"column":24},"end":{"line":3,"column":67}},"loc":{"start":{"line":3,"column":24},"end":{"line":3,"column":67}},"line":3},"1":{"name":"stringify","decl":{"start":{"line":5,"column":19},"end":{"line":10,"column":2}},"loc":{"start":{"line":5,"column":19},"end":{"line":10,"column":2}},"line":5},"2":{"name":"makePlain","decl":{"start":{"line":12,"column":19},"end":{"line":33,"column":2}},"loc":{"start":{"line":12,"column":19},"end":{"line":33,"column":2}},"line":12},"3":{"name":"iter","decl":{"start":{"line":13,"column":15},"end":{"line":31,"column":5}},"loc":{"start":{"line":13,"column":15},"end":{"line":31,"column":5}},"line":13}},"f":{"0":1,"1":13,"2":1,"3":19}}
,"/mnt/c/Users/Я/Desktop/Проекты/Проект 'Вычислитель отличий'/frontend-project-46/src/formatters/stylish.js": {"path":"/mnt/c/Users/Я/Desktop/Проекты/Проект 'Вычислитель отличий'/frontend-project-46/src/formatters/stylish.js","all":false,"statementMap":{"0":{"start":{"line":1,"column":0},"end":{"line":1,"column":23}},"1":{"start":{"line":2,"column":0},"end":{"line":2,"column":0}},"2":{"start":{"line":3,"column":0},"end":{"line":3,"column":40}},"3":{"start":{"line":4,"column":0},"end":{"line":4,"column":26}},"4":{"start":{"line":5,"column":0},"end":{"line":5,"column":21}},"5":{"start":{"line":6,"column":0},"end":{"line":6,"column":3}},"6":{"start":{"line":7,"column":0},"end":{"line":7,"column":0}},"7":{"start":{"line":8,"column":0},"end":{"line":8,"column":24}},"8":{"start":{"line":9,"column":0},"end":{"line":9,"column":45}},"9":{"start":{"line":10,"column":0},"end":{"line":10,"column":52}},"10":{"start":{"line":11,"column":0},"end":{"line":11,"column":0}},"11":{"start":{"line":12,"column":0},"end":{"line":12,"column":113}},"12":{"start":{"line":13,"column":0},"end":{"line":13,"column":0}},"13":{"start":{"line":14,"column":0},"end":{"line":14,"column":10}},"14":{"start":{"line":15,"column":0},"end":{"line":15,"column":8}},"15":{"start":{"line":16,"column":0},"end":{"line":16,"column":13}},"16":{"start":{"line":17,"column":0},"end":{"line":17,"column":27}},"17":{"start":{"line":18,"column":0},"end":{"line":18,"column":15}},"18":{"start":{"line":19,"column":0},"end":{"line":19,"column":2}},"19":{"start":{"line":20,"column":0},"end":{"line":20,"column":0}},"20":{"start":{"line":21,"column":0},"end":{"line":21,"column":31}},"21":{"start":{"line":22,"column":0},"end":{"line":22,"column":37}},"22":{"start":{"line":23,"column":0},"end":{"line":23,"column":26}},"23":{"start":{"line":24,"column":0},"end":{"line":24,"column":51}},"24":{"start":{"line":25,"column":0},"end":{"line":25,"column":26}},"25":{"start":{"line":26,"column":0},"end":{"line":26,"column":18}},"26":{"start":{"line":27,"column":0},"end":{"line":27,"column":75}},"27":{"start":{"line":28,"column":0},"end":{"line":28,"column":20}},"28":{"start":{"line":29,"column":0},"end":{"line":29,"column":141}},"29":{"start":{"line":30,"column":0},"end":{"line":30,"column":21}},"30":{"start":{"line":31,"column":0},"end":{"line":31,"column":164}},"31":{"start":{"line":32,"column":0},"end":{"line":32,"column":23}},"32":{"start":{"line":33,"column":0},"end":{"line":33,"column":88}},"33":{"start":{"line":34,"column":0},"end":{"line":34,"column":19}},"34":{"start":{"line":35,"column":0},"end":{"line":35,"column":88}},"35":{"start":{"line":36,"column":0},"end":{"line":36,"column":14}},"36":{"start":{"line":37,"column":0},"end":{"line":37,"column":88}},"37":{"start":{"line":38,"column":0},"end":{"line":38,"column":5}},"38":{"start":{"line":39,"column":0},"end":{"line":39,"column":4}},"39":{"start":{"line":40,"column":0},"end":{"line":40,"column":20}},"40":{"start":{"line":41,"column":0},"end":{"line":41,"column":2}},"41":{"start":{"line":42,"column":0},"end":{"line":42,"column":0}},"42":{"start":{"line":43,"column":0},"end":{"line":43,"column":27}}},"s":{"0":1,"1":1,"2":1,"3":81,"4":60,"5":60,"6":21,"7":21,"8":21,"9":21,"10":21,"11":21,"12":21,"13":21,"14":21,"15":21,"16":21,"17":21,"18":21,"19":1,"20":1,"21":3,"22":57,"23":57,"24":57,"25":57,"26":3,"27":57,"28":12,"29":57,"30":12,"31":57,"32":9,"33":57,"34":15,"35":57,"36":6,"37":57,"38":3,"39":3,"40":3,"41":1,"42":1},"branchMap":{"0":{"type":"branch","line":3,"loc":{"start":{"line":3,"column":18},"end":{"line":19,"column":2}},"locations":[{"start":{"line":3,"column":18},"end":{"line":19,"column":2}}]},"1":{"type":"branch","line":4,"loc":{"start":{"line":4,"column":25},"end":{"line":6,"column":3}},"locations":[{"start":{"line":4,"column":25},"end":{"line":6,"column":3}}]},"2":{"type":"branch","line":6,"loc":{"start":{"line":6,"column":2},"end":{"line":19,"column":2}},"locations":[{"start":{"line":6,"column":2},"end":{"line":19,"column":2}}]},"3":{"type":"branch","line":12,"loc":{"start":{"line":12,"column":41},"end":{"line":12,"column":111}},"locations":[{"start":{"line":12,"column":41},"end":{"line":12,"column":111}}]},"4":{"type":"branch","line":21,"loc":{"start":{"line":21,"column":21},"end":{"line":41,"column":2}},"locations":[{"start":{"line":21,"column":21},"end":{"line":41,"column":2}}]},"5":{"type":"branch","line":22,"loc":{"start":{"line":22,"column":15},"end":{"line":39,"column":3}},"locations":[{"start":{"line":22,"column":15},"end":{"line":39,"column":3}}]},"6":{"type":"branch","line":26,"loc":{"start":{"line":26,"column":6},"end":{"line":27,"column":75}},"locations":[{"start":{"line":26,"column":6},"end":{"line":27,"column":75}}]},"7":{"type":"branch","line":28,"loc":{"start":{"line":28,"column":6},"end":{"line":29,"column":141}},"locations":[{"start":{"line":28,"column":6},"end":{"line":29,"column":141}}]},"8":{"type":"branch","line":30,"loc":{"start":{"line":30,"column":6},"end":{"line":31,"column":164}},"locations":[{"start":{"line":30,"column":6},"end":{"line":31,"column":164}}]},"9":{"type":"branch","line":32,"loc":{"start":{"line":32,"column":6},"end":{"line":33,"column":88}},"locations":[{"start":{"line":32,"column":6},"end":{"line":33,"column":88}}]},"10":{"type":"branch","line":34,"loc":{"start":{"line":34,"column":6},"end":{"line":35,"column":88}},"locations":[{"start":{"line":34,"column":6},"end":{"line":35,"column":88}}]},"11":{"type":"branch","line":36,"loc":{"start":{"line":36,"column":6},"end":{"line":37,"column":88}},"locations":[{"start":{"line":36,"column":6},"end":{"line":37,"column":88}}]},"12":{"type":"branch","line":27,"loc":{"start":{"line":27,"column":38},"end":{"line":27,"column":59}},"locations":[{"start":{"line":27,"column":38},"end":{"line":27,"column":59}}]},"13":{"type":"branch","line":29,"loc":{"start":{"line":29,"column":73},"end":{"line":29,"column":105}},"locations":[{"start":{"line":29,"column":73},"end":{"line":29,"column":105}}]}},"b":{"0":[81],"1":[60],"2":[21],"3":[27],"4":[3],"5":[57],"6":[3],"7":[12],"8":[12],"9":[9],"10":[15],"11":[6],"12":[12],"13":[42]},"fnMap":{"0":{"name":"stringify","decl":{"start":{"line":3,"column":18},"end":{"line":19,"column":2}},"loc":{"start":{"line":3,"column":18},"end":{"line":19,"column":2}},"line":3},"1":{"name":"makeStylish","decl":{"start":{"line":21,"column":21},"end":{"line":41,"column":2}},"loc":{"start":{"line":21,"column":21},"end":{"line":41,"column":2}},"line":21},"2":{"name":"iter","decl":{"start":{"line":22,"column":15},"end":{"line":39,"column":3}},"loc":{"start":{"line":22,"column":15},"end":{"line":39,"column":3}},"line":22}},"f":{"0":81,"1":3,"2":57}}
}
