TN:
SF:__fixtures__/result.js
FNF:0
FNH:0
DA:1,1
LF:1
LH:1
BRF:0
BRH:0
end_of_record
TN:
SF:src/index.js
FN:6,(anonymous_0)
FN:8,(anonymous_1)
FN:15,(anonymous_2)
FN:24,(anonymous_3)
FNF:4
FNH:4
FNDA:4,(anonymous_0)
FNDA:4,(anonymous_1)
FNDA:2,(anonymous_2)
FNDA:10,(anonymous_3)
DA:6,1
DA:8,4
DA:10,4
DA:11,4
DA:16,2
DA:17,2
DA:19,2
DA:20,2
DA:21,2
DA:23,2
DA:24,2
DA:25,10
DA:26,4
DA:27,6
DA:28,2
DA:29,4
DA:30,2
DA:31,2
DA:32,2
DA:33,2
DA:35,10
DA:37,2
DA:38,2
DA:39,2
LF:24
LH:24
BRDA:8,0,0,0
BRDA:8,0,1,4
BRDA:25,1,0,4
BRDA:25,1,1,6
BRDA:27,2,0,2
BRDA:27,2,1,4
BRDA:29,3,0,2
BRDA:29,3,1,2
BRDA:31,4,0,2
BRDA:31,4,1,0
BRF:10
BRH:8
end_of_record
