TN:
SF:__fixtures__/result.js
FNF:0
FNH:0
DA:1,1
DA:2,1
DA:3,1
DA:4,1
DA:5,1
DA:6,1
DA:7,1
DA:8,1
DA:9,1
DA:10,1
DA:11,1
DA:12,1
DA:13,1
DA:14,1
DA:15,1
DA:16,1
DA:17,1
DA:18,1
DA:19,1
DA:20,1
DA:21,1
DA:22,1
DA:23,1
DA:24,1
DA:25,1
DA:26,1
DA:27,1
DA:28,1
DA:29,1
DA:30,1
DA:31,1
DA:32,1
DA:33,1
DA:34,1
DA:35,1
DA:36,1
DA:37,1
DA:38,1
DA:39,1
DA:40,1
DA:41,1
DA:42,1
DA:43,1
DA:44,1
DA:45,1
DA:46,1
DA:47,1
DA:48,1
LF:48
LH:48
BRF:0
BRH:0
end_of_record
TN:
SF:src/index.js
FN:6,genDIff
FNF:1
FNH:1
FNDA:5,genDIff
DA:1,1
DA:2,1
DA:3,1
DA:4,1
DA:5,1
DA:6,1
DA:7,5
DA:8,5
DA:9,5
DA:10,5
DA:11,5
DA:12,5
DA:13,1
DA:14,1
LF:14
LH:14
BRDA:6,0,0,5
BRF:1
BRH:1
end_of_record
TN:
SF:src/makeAST.js
FN:3,makeChildren
FN:28,makeAST
FNF:2
FNH:2
FNDA:25,makeChildren
FNDA:5,makeAST
DA:1,1
DA:2,1
DA:3,1
DA:4,25
DA:5,25
DA:6,25
DA:7,25
DA:8,90
DA:9,20
DA:10,20
DA:11,90
DA:12,25
DA:13,25
DA:14,90
DA:15,15
DA:16,15
DA:17,90
DA:18,10
DA:19,10
DA:20,20
DA:21,20
DA:22,20
DA:23,0
DA:24,25
DA:25,25
DA:26,25
DA:27,1
DA:28,1
DA:29,1
DA:30,1
LF:30
LH:29
BRDA:3,0,0,25
BRDA:7,1,0,90
BRDA:8,2,0,30
BRDA:8,3,0,20
BRDA:10,4,0,70
BRDA:11,5,0,25
BRDA:13,6,0,45
BRDA:14,7,0,15
BRDA:16,8,0,30
BRDA:17,9,0,10
BRDA:19,10,0,20
BRDA:22,11,0,0
BRDA:28,12,0,5
BRF:13
BRH:12
end_of_record
TN:
SF:src/parsers.js
FN:6,getExtension
FN:8,getName
FN:10,parser
FNF:3
FNH:3
FNDA:10,getExtension
FNDA:10,getName
FNDA:10,parser
DA:1,1
DA:2,1
DA:3,1
DA:4,1
DA:5,1
DA:6,1
DA:7,1
DA:8,1
DA:9,1
DA:10,1
DA:11,10
DA:12,10
DA:13,10
DA:14,10
DA:15,10
DA:16,1
DA:17,1
LF:17
LH:17
BRDA:6,0,0,10
BRDA:8,1,0,10
BRDA:10,2,0,10
BRDA:14,3,0,4
BRDA:14,4,0,6
BRF:5
BRH:5
end_of_record
TN:
SF:src/formatters/index.js
FN:5,default
FNF:1
FNH:1
FNDA:5,default
DA:1,1
DA:2,1
DA:3,1
DA:4,1
DA:5,1
DA:6,5
DA:7,5
DA:8,3
DA:9,5
DA:10,1
DA:11,5
DA:12,1
DA:13,5
DA:14,0
DA:15,5
DA:16,5
LF:16
LH:15
BRDA:5,0,0,5
BRDA:7,1,0,3
BRDA:9,2,0,1
BRDA:11,3,0,1
BRDA:13,4,0,0
BRF:5
BRH:4
end_of_record
TN:
SF:src/formatters/json.js
FN:1,default
FNF:1
FNH:1
FNDA:1,default
DA:1,1
LF:1
LH:1
BRDA:1,0,0,1
BRF:1
BRH:1
end_of_record
TN:
SF:src/formatters/plain.js
FN:3,formaredResult
FN:5,stringify
FN:12,makePlain
FN:13,iter
FNF:4
FNH:4
FNDA:1,formaredResult
FNDA:13,stringify
FNDA:1,makePlain
FNDA:19,iter
DA:1,1
DA:2,1
DA:3,1
DA:4,1
DA:5,1
DA:6,13
DA:7,3
DA:8,3
DA:9,13
DA:10,13
DA:11,1
DA:12,1
DA:13,1
DA:14,19
DA:15,19
DA:16,19
DA:17,1
DA:18,19
DA:19,4
DA:20,19
DA:21,2
DA:22,19
DA:23,5
DA:24,19
DA:25,4
DA:26,19
DA:27,3
DA:28,19
DA:29,0
DA:30,19
DA:31,1
DA:32,1
DA:33,1
DA:34,1
DA:35,1
LF:35
LH:34
BRDA:3,0,0,1
BRDA:3,1,0,14
BRDA:5,2,0,13
BRDA:6,3,0,3
BRDA:8,4,0,10
BRDA:9,5,0,7
BRDA:9,6,0,3
BRDA:12,7,0,1
BRDA:13,8,0,19
BRDA:16,9,0,1
BRDA:18,10,0,4
BRDA:20,11,0,2
BRDA:22,12,0,5
BRDA:24,13,0,4
BRDA:26,14,0,3
BRDA:28,15,0,0
BRDA:17,16,0,4
BRDA:19,17,0,14
BRF:18
BRH:17
end_of_record
TN:
SF:src/formatters/stylish.js
FN:3,stringify
FN:21,makeStylish
FN:22,iter
FNF:3
FNH:3
FNDA:81,stringify
FNDA:3,makeStylish
FNDA:57,iter
DA:1,1
DA:2,1
DA:3,1
DA:4,81
DA:5,60
DA:6,60
DA:7,21
DA:8,21
DA:9,21
DA:10,21
DA:11,21
DA:12,21
DA:13,21
DA:14,21
DA:15,21
DA:16,21
DA:17,21
DA:18,21
DA:19,21
DA:20,1
DA:21,1
DA:22,3
DA:23,57
DA:24,57
DA:25,57
DA:26,57
DA:27,3
DA:28,57
DA:29,12
DA:30,57
DA:31,12
DA:32,57
DA:33,9
DA:34,57
DA:35,15
DA:36,57
DA:37,6
DA:38,57
DA:39,3
DA:40,3
DA:41,3
DA:42,1
DA:43,1
LF:43
LH:43
BRDA:3,0,0,81
BRDA:4,1,0,60
BRDA:6,2,0,21
BRDA:12,3,0,27
BRDA:21,4,0,3
BRDA:22,5,0,57
BRDA:26,6,0,3
BRDA:28,7,0,12
BRDA:30,8,0,12
BRDA:32,9,0,9
BRDA:34,10,0,15
BRDA:36,11,0,6
BRDA:27,12,0,12
BRDA:29,13,0,42
BRF:14
BRH:14
end_of_record
